\BOOKMARK [1][-]{section.1}{\376\377\000W\000s\000t\001\031\000p}{}% 1
\BOOKMARK [1][-]{section.2}{\376\377\000I\000n\001\174\000y\000n\000i\000e\000r\000s\000k\000a\000\040\000c\000z\001\031\001\133\001\007\000\040\000p\000r\000o\000j\000e\000k\000t\000u}{}% 2
\BOOKMARK [2][-]{subsection.2.1}{\376\377\000B\000u\000d\000o\000w\000a\000\040\000r\000o\000b\000o\000t\000a}{section.2}% 3
\BOOKMARK [3][-]{subsubsection.2.1.1}{\376\377\000W\000y\000m\000a\000g\000a\000n\000i\000a\000\040\000s\000p\000r\000z\001\031\000t\000o\000w\000e}{subsection.2.1}% 4
\BOOKMARK [3][-]{subsubsection.2.1.2}{\376\377\000S\000c\000h\000e\000m\000a\000t\000\040\000e\000l\000e\000k\000t\000r\000y\000c\000z\000n\000y}{subsection.2.1}% 5
\BOOKMARK [3][-]{subsubsection.2.1.3}{\376\377\000T\000e\000s\000t\000y}{subsection.2.1}% 6
\BOOKMARK [3][-]{subsubsection.2.1.4}{\376\377\000K\000o\000n\000s\000t\000r\000u\000k\000c\000j\000a\000\040\000m\000e\000c\000h\000a\000n\000i\000c\000z\000n\000a}{subsection.2.1}% 7
\BOOKMARK [2][-]{subsection.2.2}{\376\377\000S\000y\000s\000t\000e\000m\000\040\000o\000p\000e\000r\000a\000c\000y\000j\000n\000y\000\040\000r\000o\000b\000o\000t\000a}{section.2}% 8
\BOOKMARK [3][-]{subsubsection.2.2.1}{\376\377\000W\000y\000m\000a\000g\000a\000n\000i\000a\000\040\000d\000o\000t\000y\000c\000z\001\005\000c\000e\000\040\000o\000p\000r\000o\000g\000r\000a\000m\000o\000w\000a\000n\000i\000a}{subsection.2.2}% 9
\BOOKMARK [3][-]{subsubsection.2.2.2}{\376\377\000I\000m\000p\000l\000e\000m\000e\000n\000t\000a\000c\000j\000a}{subsection.2.2}% 10
\BOOKMARK [3][-]{subsubsection.2.2.3}{\376\377\000O\000b\000s\001\102\000u\000g\000i\000w\000a\000n\000e\000\040\000p\000o\000l\000e\000c\000e\000n\000i\000a}{subsection.2.2}% 11
\BOOKMARK [3][-]{subsubsection.2.2.4}{\376\377\000T\000e\000s\000t\000y\000\040\000o\000p\000r\000o\000g\000r\000a\000m\000o\000w\000a\000n\000i\000a}{subsection.2.2}% 12
\BOOKMARK [1][-]{section.3}{\376\377\000W\000p\000r\000o\000w\000a\000d\000z\000e\000n\000i\000e\000\040\000d\000o\000\040\000o\000m\000a\000w\000i\000a\000n\000y\000c\000h\000\040\000a\000l\000g\000o\000r\000y\000t\000m\000\363\000w}{}% 13
\BOOKMARK [2][-]{subsection.3.1}{\376\377\000A\000l\000g\000o\000r\000y\000t\000m\000\040\000P\000I\000D}{section.3}% 14
\BOOKMARK [2][-]{subsection.3.2}{\376\377\000A\000l\000g\000o\000r\000y\000t\000m\000\040\000g\000e\000n\000e\000t\000y\000c\000z\000n\000y}{section.3}% 15
\BOOKMARK [2][-]{subsection.3.3}{\376\377\000A\000l\000g\000o\000r\000y\000t\000m\000y\000\040\000n\000a\000w\000i\000g\000a\000c\000y\000j\000n\000e}{section.3}% 16
\BOOKMARK [3][-]{subsubsection.3.3.1}{\376\377\000A\000l\000g\000o\000r\000y\000t\000m\000y\000\040\000s\000t\000a\000t\000y\000c\000z\000n\000e}{subsection.3.3}% 17
\BOOKMARK [3][-]{subsubsection.3.3.2}{\376\377\000A\000l\000g\000o\000r\000y\000t\000m\000y\000\040\000d\000y\000n\000a\000m\000i\000c\000z\000n\000e}{subsection.3.3}% 18
\BOOKMARK [1][-]{section.4}{\376\377\000B\000a\000d\000a\000n\000i\000a}{}% 19
\BOOKMARK [2][-]{subsection.4.1}{\376\377\000O\000p\000t\000y\000m\000a\000l\000i\000z\000a\000c\000j\000a\000\040\000n\000a\000s\000t\000a\000w\000\040\000r\000e\000g\000u\000l\000a\000t\000o\000r\000a\000\040\000P\000I\000D\000\040\000p\000r\001\031\000d\000k\000o\001\133\000c\000i\000\040\000o\000b\000r\000o\000t\000o\000w\000e\000j}{section.4}% 20
\BOOKMARK [3][-]{subsubsection.4.1.1}{\376\377\000S\000t\000a\000n\000o\000w\000i\000s\000k\000o\000\040\000p\000o\000m\000i\000a\000r\000o\000w\000e}{subsection.4.1}% 21
\BOOKMARK [3][-]{subsubsection.4.1.2}{\376\377\000I\000d\000e\000n\000t\000y\000f\000i\000k\000a\000c\000j\000a\000\040\000o\000b\000i\000e\000k\000t\000u}{subsection.4.1}% 22
\BOOKMARK [3][-]{subsubsection.4.1.3}{\376\377\000W\000y\000z\000n\000a\000c\000z\000e\000n\000i\000e\000\040\000n\000a\000s\000t\000a\000w\000\040\000m\000e\000t\000o\000d\001\005\000\040\000k\000l\000a\000s\000y\000c\000z\000n\001\005}{subsection.4.1}% 23
\BOOKMARK [3][-]{subsubsection.4.1.4}{\376\377\000A\000l\000g\000o\000r\000y\000t\000m\000\040\000g\000e\000n\000e\000t\000y\000c\000z\000n\000y}{subsection.4.1}% 24
\BOOKMARK [3][-]{subsubsection.4.1.5}{\376\377\000P\000o\000r\000\363\000w\000n\000a\000n\000i\000e\000\040\000o\000t\000r\000z\000y\000m\000a\000n\000y\000c\000h\000\040\000w\000y\000n\000i\000k\000\363\000w}{subsection.4.1}% 25
\BOOKMARK [2][-]{subsection.4.2}{\376\377\000P\000o\000r\000\363\000w\000n\000a\000n\000i\000e\000\040\000s\000t\000a\000t\000y\000c\000z\000n\000y\000c\000h\000\040\000a\000l\000g\000o\000r\000y\000t\000m\000\363\000w\000\040\000n\000a\000w\000i\000g\000a\000c\000y\000j\000n\000y\000c\000h\000\040\000w\000\040\000t\000e\000r\000e\000n\000i\000e\000\040\000b\000e\000z\000\040\000p\000r\000z\000e\000s\000z\000k\000\363\000d}{section.4}% 26
\BOOKMARK [3][-]{subsubsection.4.2.1}{\376\377\000P\000r\000z\000e\000b\000i\000e\000g\000\040\000e\000k\000s\000p\000e\000r\000y\000m\000e\000n\000t\000u}{subsection.4.2}% 27
\BOOKMARK [3][-]{subsubsection.4.2.2}{\376\377\000P\000o\000r\000\363\000w\000n\000a\000n\000i\000e\000\040\000o\000t\000r\000z\000y\000m\000a\000n\000y\000c\000h\000\040\000w\000y\000n\000i\000k\000\363\000w}{subsection.4.2}% 28
\BOOKMARK [2][-]{subsection.4.3}{\376\377\000P\000o\000r\000\363\000w\000n\000a\000n\000i\000e\000\040\000s\000t\000a\000t\000y\000c\000z\000n\000y\000c\000h\000\040\000a\000l\000g\000o\000r\000y\000t\000m\000\363\000w\000\040\000n\000a\000w\000i\000g\000a\000c\000y\000j\000n\000y\000c\000h\000\040\000w\000\040\000t\000e\000r\000e\000n\000i\000e\000\040\000z\000\040\000p\000r\000z\000e\000s\000z\000k\000o\000d\000a\000m\000i}{section.4}% 29
\BOOKMARK [3][-]{subsubsection.4.3.1}{\376\377\000P\000r\000z\000e\000b\000i\000e\000g\000\040\000e\000k\000s\000p\000e\000r\000y\000m\000e\000n\000t\000u}{subsection.4.3}% 30
\BOOKMARK [3][-]{subsubsection.4.3.2}{\376\377\000P\000o\000r\000\363\000w\000n\000a\000n\000i\000e\000\040\000o\000t\000r\000z\000y\000m\000a\000n\000y\000c\000h\000\040\000w\000y\000n\000i\000k\000\363\000w}{subsection.4.3}% 31
\BOOKMARK [2][-]{subsection.4.4}{\376\377\000P\000o\000r\000\363\000w\000n\000a\000n\000i\000e\000\040\000d\000y\000n\000a\000m\000i\000c\000z\000n\000y\000c\000h\000\040\000a\000l\000g\000o\000r\000y\000t\000m\000\363\000w\000\040\000n\000a\000w\000i\000g\000a\000c\000y\000j\000n\000y\000c\000h\000\040\000w\000\040\000t\000e\000r\000e\000n\000i\000e\000\040\000z\000\040\000p\000r\000z\000e\000s\000z\000k\000o\000d\000a\000m\000i}{section.4}% 32
\BOOKMARK [3][-]{subsubsection.4.4.1}{\376\377\000P\000r\000z\000e\000b\000i\000e\000g\000\040\000e\000k\000s\000p\000e\000r\000y\000m\000e\000n\000t\000u}{subsection.4.4}% 33
\BOOKMARK [3][-]{subsubsection.4.4.2}{\376\377\000P\000o\000r\000\363\000w\000n\000a\000n\000i\000e\000\040\000o\000t\000r\000z\000y\000m\000a\000n\000y\000c\000h\000\040\000w\000y\000n\000i\000k\000\363\000w}{subsection.4.4}% 34
\BOOKMARK [1][-]{section.5}{\376\377\000P\000o\000d\000s\000u\000m\000o\000w\000a\000n\000i\000e\000\040\000i\000\040\000w\000n\000i\000o\000s\000k\000i\000\040\000k\000o\001\104\000c\000o\000w\000e}{}% 35
\BOOKMARK [2][-]{subsection.5.1}{\376\377\000O\000p\000t\000y\000m\000a\000l\000i\000z\000a\000c\000j\000a\000\040\000n\000a\000s\000t\000a\000w\000\040\000r\000e\000g\000u\000l\000a\000t\000o\000r\000a\000\040\000P\000I\000D}{section.5}% 36
\BOOKMARK [2][-]{subsection.5.2}{\376\377\000P\000o\000r\000\363\000w\000n\000a\000n\000i\000e\000\040\000s\000t\000a\000t\000y\000c\000z\000n\000y\000c\000h\000\040\000a\000l\000g\000o\000r\000y\000t\000m\000\363\000w\000\040\000n\000a\000w\000i\000g\000a\000c\000y\000j\000n\000y\000c\000h\000\040\000w\000\040\000t\000e\000r\000e\000n\000i\000e\000\040\000b\000e\000z\000\040\000p\000r\000z\000e\000s\000z\000k\000\363\000d}{section.5}% 37
\BOOKMARK [2][-]{subsection.5.3}{\376\377\000P\000o\000r\000\363\000w\000n\000a\000n\000i\000e\000\040\000s\000t\000a\000t\000y\000c\000z\000n\000y\000c\000h\000\040\000a\000l\000g\000o\000r\000y\000t\000m\000\363\000w\000\040\000n\000a\000w\000i\000g\000a\000c\000y\000j\000n\000y\000c\000h\000\040\000w\000\040\000t\000e\000r\000e\000n\000i\000e\000\040\000z\000\040\000p\000r\000z\000e\000s\000z\000k\000o\000d\000a\000m\000i}{section.5}% 38
\BOOKMARK [2][-]{subsection.5.4}{\376\377\000P\000o\000r\000\363\000w\000n\000a\000n\000i\000e\000\040\000d\000y\000n\000a\000m\000i\000c\000z\000n\000y\000c\000h\000\040\000a\000l\000g\000o\000r\000y\000t\000m\000\363\000w\000\040\000n\000a\000w\000i\000g\000a\000c\000y\000j\000n\000y\000c\000h\000\040\000w\000\040\000t\000e\000r\000e\000n\000i\000e\000\040\000z\000\040\000p\000r\000z\000e\000s\000z\000k\000o\000d\000a\000m\000i}{section.5}% 39
\BOOKMARK [2][-]{subsection.5.5}{\376\377\000W\000k\001\102\000a\000d\000\040\000w\001\102\000a\000s\000n\000y}{section.5}% 40
\BOOKMARK [1][-]{Item.85}{\376\377\000L\000i\000t\000e\000r\000a\000t\000u\000r\000a}{}% 41
